[     677ms] [WARNING] {msg: An error has occurred checking the feature gate. Only the first occurrence of this error is logged., gateName: platform_moonjelly_bsc_master_killswitch, error: Error: Client must be initialized before using this method
    at e.value (https://trello.com/asset…} @ https://trello.com/assets/ltp.ae88b1398d090424dd63.js:16
[     781ms] [WARNING] An error occurred! For more details, see the full error text at https://go.apollo.dev/c/err#%7B%22version%22%3A%223.14.0%22%2C%22message%22%3A104%2C%22args%22%3A%5B%22ApolloClient%22%2C%22typeDefs%22%2C%22Please%20remove%20this%20option.%22%5D%7D @ https://trello.com/assets/ltp.ae88b1398d090424dd63.js:16
[    1150ms] [ERROR] Failed to load resource: the server responded with a status of 400 () @ https://api.atlassian.com/flags/api/v2/configurations:0
[    1152ms] [ERROR] Failed to load resource: the server responded with a status of 400 () @ https://trello.com/1/member/me?fields=id&boards=open%2Cstarred&board_fields=id%2Cclosed%2CcreationMethod%2CdateLastActivity%2CdateLastView%2CdatePluginDisable%2CenterpriseOwned%2CidEnterprise%2CidOrganization%2Cname%2CnodeId%2Cprefs%2CpremiumFeatures%2CshortLink%2CshortUrl%2Cstarred%2Csubscribed%2Curl&board_memberships=me&board_memberships_orgMemberType=true&board_organization=true&board_organization_fields=id%2CdisplayName%2CidEnterprise%2ClogoHash%2Cname%2Coffering&boardStars=true&organizations=all&organization_fields=id%2Ccredits%2CdisplayName%2CidEnterprise%2Climits%2ClogoHash%2Cname%2Coffering%2Cprefs%2CpremiumFeatures%2Cproducts&operationName=quickload:MemberBoards:0
[    1153ms] [ERROR] Failed to load resource: the server responded with a status of 401 () @ https://trello.com/1/board/OmaMvglv?fields=id%2Cclosed%2CcreationMethod%2CcreationMethodLoadingStartedAt%2CdateLastActivity%2CdateLastView%2CdatePluginDisable%2Cdesc%2CdescData%2CenterpriseOwned%2CidEnterprise%2CidMemberCreator%2CidOrganization%2CidTags%2ClabelNames%2Climits%2Cmemberships%2Cname%2CnodeId%2CpowerUps%2Cprefs%2CpremiumFeatures%2CshortLink%2CshortUrl%2Csubscribed%2CtemplateGallery%2Ctype%2Curl&organization_disable_mock=true&boardPlugins=true&customFields=true&enterprise=true&enterprise_fields=id%2CaiPrefs%2CdisplayName&labels=all&label_fields=id%2Ccolor%2CidBoard%2Cname&labels_limit=1000&members=all&member_fields=id%2CactivityBlocked%2CavatarUrl%2Cbio%2CbioData%2Cconfirmed%2CfullName%2CidEnterprise%2CidMemberReferrer%2CidPremOrgsAdmin%2Cinitials%2CmemberType%2CnonPublic%2CnonPublicAvailable%2Curl%2Cusername&memberships_orgMemberType=true&myPrefs=true&organization=true&organization_fields=id%2Cdesc%2CdisplayName%2CidEnterprise%2Climits%2ClogoHash%2Cmemberships%2Cname%2Coffering%2Cprefs%2CpremiumFeatures%2Cproducts%2Curl%2Cwebsite&organization_enterprise=true&organization_memberships=all&organization_pluginData=true&organization_tags=true&pluginData=true&operationName=quickload:CurrentBoardInfo:0
[    1154ms] [ERROR] Failed to load resource: the server responded with a status of 401 () @ https://trello.com/1/board/OmaMvglv?fields=id&cards=visible&card_fields=id%2Caddress%2Cagent%2Cbadges%2CcardRole%2Cclosed%2Ccoordinates%2Ccover%2CcreationMethod%2CcreationMethodError%2CcreationMethodLoadingStartedAt%2CdateLastActivity%2Cdesc%2CdescData%2Cdue%2CdueComplete%2CdueReminder%2CfaviconUrl%2CidAttachmentCover%2CidBoard%2CidLabels%2CidList%2CidMembers%2CidShort%2CisTemplate%2Clabels%2Climits%2ClocationName%2CmirrorSourceId%2Cname%2CnodeId%2CoriginalDesc%2CoriginalName%2Cpinned%2Cpos%2CrecurrenceRule%2CshortLink%2CshortUrl%2CsingleInstrumentationId%2Cstart%2Csubscribed%2Curl%2CurlSource%2CurlSourceText&card_attachments=true&card_attachment_fields=id%2Cbytes%2Cdate%2CedgeColor%2CfileName%2CidMember%2CisMalicious%2CisUpload%2CmimeType%2Cname%2Cpos%2Curl&card_checklists=all&card_checklist_fields=id%2CidBoard%2CidCard%2Cname%2Cpos&card_checklist_checkItems=none&card_customFieldItems=true&card_pluginData=true&card_stickers=true&lists=open&list_fields=id%2Cclosed%2Ccolor%2CcreationMethod%2Cdatasource%2CidBoard%2Climits%2Cname%2CnodeId%2Cpos%2CsoftLimit%2Csubscribed%2Ctype&operationName=quickload:CurrentBoardListsCards:0
[    1308ms] [ERROR] Failed to load resource: the server responded with a status of 400 () @ https://api.atlassian.com/flags/api/v2/configurations:0
[    1863ms] [ERROR] Failed to load resource: the server responded with a status of 400 () @ https://trello.com/1/member/me?fields=id%2CaaBlockSyncUntil%2CaaEmail%2CaaId%2CactivityBlocked%2CavatarHash%2CavatarUrl%2Cbio%2CbioData%2Cconfirmed%2CcredentialsRemovedCount%2CdomainClaimed%2Cemail%2CfullName%2ChasEnterpriseDomain%2CidBoards%2CidEnterprise%2CidEnterprisesAdmin%2CidEnterprisesDeactivated%2CidEnterprisesImplicitAdmin%2CidMemberReferrer%2CidOrganizations%2CidPremOrgsAdmin%2Cinitials%2CisAaMastered%2CixUpdate%2Climits%2CloginTypes%2CmarketingOptIn%2CmemberType%2CmessagesDismissed%2CnodeId%2CnonPublic%2CnonPublicAvailable%2ConeTimeMessagesDismissed%2Cprefs%2Cproducts%2CrequiresAaOnboarding%2CsessionType%2Ctrophies%2Curl%2Cusername&campaigns=true&cohorts=true&enterpriseLicenses=true&enterprises=true&enterprise_filter=saml%2Cmember%2Cmember-unconfirmed%2Cowned&enterprise_fields=id%2CdisplayName%2CidAdmins%2ClogoUrl%2Cname%2Coffering%2CorganizationPrefs%2Cprefs%2Csandbox%2CsandboxExpiry&enterpriseWithRequiredConversion=true&logins=true&organizations=all&organization_fields=id%2CcreationMethod%2CdisplayName%2CenterpriseJoinRequest%2CidEnterprise%2CidEntitlement%2CjwmLink%2ClogoHash%2Cname%2Coffering%2Cprefs%2CpremiumFeatures%2Cproducts%2Ctype&organization_enterprise=true&organization_paidAccount=true&organization_paidAccount_fields=billingDates%2CcanRenew%2CcardLast4%2CcardType%2CcontactEmail%2CcontactFullName%2CcontactLocale%2Ccountry%2CdateFirstSubscription%2CdatePendingDisabled%2CexpirationDates%2CinvoiceDetails%2CisVatRegistered%2CixSubscriber%2CneedsCreditCardUpdate%2CpaidProduct%2CpreviousSubscription%2CproductOverride%2Cproducts%2CscheduledChange%2Cstanding%2CstateTaxId%2CtaxId%2CtrialExpiration%2CtrialType%2Czip&pluginData=true&savedSearches=true&operationName=quickload:MemberHeader:0
[    1872ms] [ERROR] Failed to load resource: the server responded with a status of 401 () @ https://trello.com/1/board/OmaMvglv?fields=id%2CidOrganization&members=all&member_fields=id%2CmemberType:0
[    1874ms] [ERROR] y: unauthorized permission requested
    at b (https://trello.com/assets/app.0eb7ee257e6f691a2ae7.js:2160:48895)
    at async iU (https://trello.com/assets/app.0eb7ee257e6f691a2ae7.js:2174:777534)
    at async Promise.all (index 0) @ https://trello.com/assets/ltp.ae88b1398d090424dd63.js:20
[    2280ms] [ERROR] Failed to load resource: the server responded with a status of 400 () @ https://trello.com/1/member/me?fields=id%2CidPremOrgsAdmin&organizations=all&organization_fields=id%2CavailableLicenseCount%2CdisplayName%2CidEnterprise%2CmaximumLicenseCount%2Coffering%2CpremiumFeatures:0
[    2281ms] [ERROR] y: invalid token
    at b (https://trello.com/assets/app.0eb7ee257e6f691a2ae7.js:2160:48895)
    at async iU (https://trello.com/assets/app.0eb7ee257e6f691a2ae7.js:2174:777534)
    at async Promise.all (index 0) @ https://trello.com/assets/ltp.ae88b1398d090424dd63.js:20
[    2284ms] [ERROR] Failed to load resource: the server responded with a status of 400 () @ https://trello.com/1/member/me?fields=id%2Cconfirmed%2CidEnterprisesAdmin&enterprises=true&enterprise_filter=saml%2Cmember%2Cmember-unconfirmed&enterprise_fields=id%2Csandbox:0
[    2284ms] [ERROR] Failed to load resource: the server responded with a status of 400 () @ https://trello.com/1/member/me?fields=id%2Cemail%2CfullName:0
[    2286ms] [ERROR] y: invalid token
    at b (https://trello.com/assets/app.0eb7ee257e6f691a2ae7.js:2160:48895)
    at async iU (https://trello.com/assets/app.0eb7ee257e6f691a2ae7.js:2174:777534)
    at async Promise.all (index 0) @ https://trello.com/assets/ltp.ae88b1398d090424dd63.js:20
[    2289ms] [ERROR] y: invalid token
    at b (https://trello.com/assets/app.0eb7ee257e6f691a2ae7.js:2160:48895)
    at async iU (https://trello.com/assets/app.0eb7ee257e6f691a2ae7.js:2174:777534)
    at async Promise.all (index 0) @ https://trello.com/assets/ltp.ae88b1398d090424dd63.js:20
[    2299ms] [ERROR] Failed to load resource: the server responded with a status of 400 () @ https://trello.com/1/member/me?fields=id&enterprises=true&enterprise_filter=saml%2Cmember%2Cmember-unconfirmed%2Cowned&enterprise_fields=id%2CdisplayName%2Cprefs:0
[    2300ms] [ERROR] y: invalid token
    at b (https://trello.com/assets/app.0eb7ee257e6f691a2ae7.js:2160:48895)
    at async iU (https://trello.com/assets/app.0eb7ee257e6f691a2ae7.js:2174:777534)
    at async Promise.all (index 0) @ https://trello.com/assets/ltp.ae88b1398d090424dd63.js:20
[    3811ms] [ERROR] Failed to load resource: the server responded with a status of 401 () @ https://trello.com/gateway/api/consenthub/session/user:0
[    3811ms] [ERROR] [browser-storage-controls]: Failed to save preferences to ConsentHub with status: 401  @ https://trello.com/assets/ltp.ae88b1398d090424dd63.js:20
[    3812ms] [ERROR] [browser-storage-controls]: User is unauthenticated. Failed to save preferences to ConsentHub with status: 401  @ https://trello.com/assets/ltp.ae88b1398d090424dd63.js:20
[    6139ms] [WARNING] {msg: An error has occurred checking the feature gate. Only the first occurrence of this error is logged., gateName: platform_ufo_self_timings, error: Error: Client must be initialized before using this method
    at e.value (https://id-frontend.prod…} @ https://id-frontend.prod-east.frontend.public.atl-paas.net/assets/index.93ee2099.js:39
[    7858ms] [WARNING] No available adapters. @ https://id.atlassian.com/login?application=trello&continue=https%3A%2F%2Ftrello.com%2Fauth%2Fatlassian%2Fcallback%3FreturnUrl%3D%252Fb%252FOmaMvglv%252Fatlas-session-lifecycle-v20-fresh-user-test-plan%26display%3D%26aaOnboarding%3D%26updateEmail%3D%26traceId%3D%26ssoVerified%3D%26createMember%3D%26jiraInviteLink%3D:0
[    8947ms] [ERROR] Framing 'https://www.recaptcha.net/' violates the following report-only Content Security Policy directive: "default-src 'self' *.atl-paas.net". The violation has been logged, but no further action has been taken. Note that 'frame-src' was not explicitly set, so 'default-src' is used as a fallback.
 @ https://www.gstatic.com/:0
[    8958ms] [WARNING] [GSI_LOGGER]: Your client application uses one of the Google One Tap prompt UI status methods that may stop functioning when FedCM becomes mandatory. Refer to the migration guide to update your code accordingly and opt-in to FedCM to test your changes. Learn more: https://developers.google.com/identity/gsi/web/guides/fedcm-migration?s=dc#display_moment and https://developers.google.com/identity/gsi/web/guides/fedcm-migration?s=dc#skipped_moment @ https://id-frontend.prod-east.frontend.public.atl-paas.net/assets/index.93ee2099.js:39
[    8960ms] [ERROR] Not signed in with the identity provider. @ https://id.atlassian.com/login?application=trello&continue=https%3A%2F%2Ftrello.com%2Fauth%2Fatlassian%2Fcallback%3FreturnUrl%3D%252Fb%252FOmaMvglv%252Fatlas-session-lifecycle-v20-fresh-user-test-plan%26display%3D%26aaOnboarding%3D%26updateEmail%3D%26traceId%3D%26ssoVerified%3D%26createMember%3D%26jiraInviteLink%3D:0
[    9251ms] [ERROR] Framing 'https://www.recaptcha.net/' violates the following report-only Content Security Policy directive: "default-src 'self' *.atl-paas.net". The violation has been logged, but no further action has been taken. Note that 'frame-src' was not explicitly set, so 'default-src' is used as a fallback.
 @ https://www.gstatic.com/:0
[   87551ms] [WARNING] {msg: An error has occurred checking the feature gate. Only the first occurrence of this error is logged., gateName: platform_moonjelly_bsc_master_killswitch, error: Error: Client must be initialized before using this method
    at e.value (https://trello.com/asset…} @ https://trello.com/assets/ltp.ae88b1398d090424dd63.js:16
[   87616ms] [WARNING] An error occurred! For more details, see the full error text at https://go.apollo.dev/c/err#%7B%22version%22%3A%223.14.0%22%2C%22message%22%3A104%2C%22args%22%3A%5B%22ApolloClient%22%2C%22typeDefs%22%2C%22Please%20remove%20this%20option.%22%5D%7D @ https://trello.com/assets/ltp.ae88b1398d090424dd63.js:16
[   88004ms] [ERROR] An error occurred! For more details, see the full error text at https://go.apollo.dev/c/err#%7B%22version%22%3A%223.14.0%22%2C%22message%22%3A13%2C%22args%22%3A%5B%22boards%22%2C%22%7B%5Cn%20%20%5C%22id%5C%22%3A%20%5C%2260cb4f69aaee8978e1a3813a%5C%22%2C%5Cn%20%20%5C%22__typename%5C%22%3A%20%5C%22Organization%5C%22%5Cn%7D%22%5D%7D @ https://trello.com/assets/ltp.ae88b1398d090424dd63.js:20
[   88004ms] [ERROR] An error occurred! For more details, see the full error text at https://go.apollo.dev/c/err#%7B%22version%22%3A%223.14.0%22%2C%22message%22%3A13%2C%22args%22%3A%5B%22boardsClosed%22%2C%22%7B%5Cn%20%20%5C%22id%5C%22%3A%20%5C%2260cb4f69aaee8978e1a3813a%5C%22%2C%5Cn%20%20%5C%22__typename%5C%22%3A%20%5C%22Organization%5C%22%5Cn%7D%22%5D%7D @ https://trello.com/assets/ltp.ae88b1398d090424dd63.js:20
[   88004ms] [ERROR] An error occurred! For more details, see the full error text at https://go.apollo.dev/c/err#%7B%22version%22%3A%223.14.0%22%2C%22message%22%3A13%2C%22args%22%3A%5B%22boardsOpen%22%2C%22%7B%5Cn%20%20%5C%22id%5C%22%3A%20%5C%2260cb4f69aaee8978e1a3813a%5C%22%2C%5Cn%20%20%5C%22__typename%5C%22%3A%20%5C%22Organization%5C%22%5Cn%7D%22%5D%7D @ https://trello.com/assets/ltp.ae88b1398d090424dd63.js:20
[   88006ms] [ERROR] An error occurred! For more details, see the full error text at https://go.apollo.dev/c/err#%7B%22version%22%3A%223.14.0%22%2C%22message%22%3A13%2C%22args%22%3A%5B%22boards%22%2C%22%7B%5Cn%20%20%5C%22id%5C%22%3A%20%5C%225bfff609580eaa86112a2448%5C%22%2C%5Cn%20%20%5C%22__typename%5C%22%3A%20%5C%22Member%5C%22%5Cn%7D%22%5D%7D @ https://trello.com/assets/ltp.ae88b1398d090424dd63.js:20
[   88006ms] [ERROR] An error occurred! For more details, see the full error text at https://go.apollo.dev/c/err#%7B%22version%22%3A%223.14.0%22%2C%22message%22%3A13%2C%22args%22%3A%5B%22boardsClosed%22%2C%22%7B%5Cn%20%20%5C%22id%5C%22%3A%20%5C%225bfff609580eaa86112a2448%5C%22%2C%5Cn%20%20%5C%22__typename%5C%22%3A%20%5C%22Member%5C%22%5Cn%7D%22%5D%7D @ https://trello.com/assets/ltp.ae88b1398d090424dd63.js:20
[   88006ms] [ERROR] An error occurred! For more details, see the full error text at https://go.apollo.dev/c/err#%7B%22version%22%3A%223.14.0%22%2C%22message%22%3A13%2C%22args%22%3A%5B%22boardsOpen%22%2C%22%7B%5Cn%20%20%5C%22id%5C%22%3A%20%5C%225bfff609580eaa86112a2448%5C%22%2C%5Cn%20%20%5C%22__typename%5C%22%3A%20%5C%22Member%5C%22%5Cn%7D%22%5D%7D @ https://trello.com/assets/ltp.ae88b1398d090424dd63.js:20
[   88006ms] [ERROR] An error occurred! For more details, see the full error text at https://go.apollo.dev/c/err#%7B%22version%22%3A%223.14.0%22%2C%22message%22%3A13%2C%22args%22%3A%5B%22boardsOpenStarred%22%2C%22%7B%5Cn%20%20%5C%22id%5C%22%3A%20%5C%225bfff609580eaa86112a2448%5C%22%2C%5Cn%20%20%5C%22__typename%5C%22%3A%20%5C%22Member%5C%22%5Cn%7D%22%5D%7D @ https://trello.com/assets/ltp.ae88b1398d090424dd63.js:20
[   88006ms] [ERROR] An error occurred! For more details, see the full error text at https://go.apollo.dev/c/err#%7B%22version%22%3A%223.14.0%22%2C%22message%22%3A13%2C%22args%22%3A%5B%22boardsStarred%22%2C%22%7B%5Cn%20%20%5C%22id%5C%22%3A%20%5C%225bfff609580eaa86112a2448%5C%22%2C%5Cn%20%20%5C%22__typename%5C%22%3A%20%5C%22Member%5C%22%5Cn%7D%22%5D%7D @ https://trello.com/assets/ltp.ae88b1398d090424dd63.js:20
[   91855ms] [WARNING]   WARN  [Statsig] Failed to flush events. @ https://trello.com/assets/ltp.ae88b1398d090424dd63.js:20
